<?xml version="1.0" encoding="UTF-8"?>
<testsuite xmlns:xsi="http://www.w3.org/2001/XMLSchema-instance" xsi:noNamespaceSchemaLocation="https://maven.apache.org/surefire/maven-surefire-plugin/xsd/surefire-test-report.xsd" name="AppTest" time="3.156" tests="4" errors="0" skipped="0" failures="0">
  <properties>
[...]
</properties>
  <testcase name="delete" classname="AppTest" time="0.976"/>
  <testcase name="update" classname="AppTest" time="0.731"/>
  <testcase name="get" classname="AppTest" time="0.438"/>
  <testcase name="getSchema" classname="AppTest" time="0.654"/>
</testsuite>